=== AUTHORIZING AGENT ROUTER ON ALL POOLS ===

Pool Manager: 0x630D8C79407CB90e0AFE68E3841eadd3F94Fc81F
Agent Router: 0x91136624222e2faAfBfdE8E06C412649aB2b90D0

Authorizing AgentRouter on WETH pool (0x629A14ee7dC9D29A5EB676FBcEF94E989Bc0DEA1)...

blockHash            0x0000000000000000000000000000000000000000000000000000000000000000
blockNumber          37565398
contractAddress      
cumulativeGasUsed    237023
effectiveGasPrice    3000000
from                 0x27dD1eBE7D826197FD163C134E79502402Fd7cB7
gasUsed              43735
logs                 []
logsBloom            0x00000000000000000000000000000000000000000000000000000000000000000000000000000000000000000000000000000000000000000000000000000000000000000000000000000000000000000000000000000000000000000000000000000000000000000000000000000000000000000000000000000000000000000000000000000000000000000000000000000000000000000000000000000000000000000000000000000000000000000000000000000000000000000000000000000000000000000000000000000000000000000000000000000000000000000000000000000000000000000000000000000000000000000000000000000000
root                 
status               0 (failed)
transactionHash      0x9b2a8159ed661dc5c84c54cf3e11627d6f4b4a59cc9b3d4b12b8ae6ff6f2a6fd
transactionIndex     3
type                 2
blobGasPrice         
blobGasUsed          14039
to                   0x630D8C79407CB90e0AFE68E3841eadd3F94Fc81F
daFootprintGasScalar 139
l1BaseFeeScalar      1101
l1BlobBaseFee        219710935
l1BlobBaseFeeScalar  659851
l1Fee                27077062892
l1GasPrice           3931774842
l1GasUsed            1620

[OK] WETH authorized

Authorizing AgentRouter on WBTC pool (0xF436bE2abbf4471d7E68a6f8d93B4195b1c6FbE3)...

blockHash            0x0000000000000000000000000000000000000000000000000000000000000000
blockNumber          37565399
contractAddress      
cumulativeGasUsed    7767659
effectiveGasPrice    3000000
from                 0x27dD1eBE7D826197FD163C134E79502402Fd7cB7
gasUsed              43735
logs                 []
logsBloom            0x00000000000000000000000000000000000000000000000000000000000000000000000000000000000000000000000000000000000000000000000000000000000000000000000000000000000000000000000000000000000000000000000000000000000000000000000000000000000000000000000000000000000000000000000000000000000000000000000000000000000000000000000000000000000000000000000000000000000000000000000000000000000000000000000000000000000000000000000000000000000000000000000000000000000000000000000000000000000000000000000000000000000000000000000000000000
root                 
status               0 (failed)
transactionHash      0xf3dbbe30705f9ff7aaf85f3eac31014cbbd6ecd8e366f6eded3a11941eb09a29
transactionIndex     15
type                 2
blobGasPrice         
blobGasUsed          14039
to                   0x630D8C79407CB90e0AFE68E3841eadd3F94Fc81F
daFootprintGasScalar 139
l1BaseFeeScalar      1101
l1BlobBaseFee        219710935
l1BlobBaseFeeScalar  659851
l1Fee                21700744578
l1GasPrice           3931774842
l1GasUsed            1620

[OK] WBTC authorized

Authorizing AgentRouter on GOLD pool (0x5EF80d453CED464E135B4b25e9eD423b033ad87F)...

blockHash            0x0000000000000000000000000000000000000000000000000000000000000000
blockNumber          37565401
contractAddress      
cumulativeGasUsed    6920343
effectiveGasPrice    3000000
from                 0x27dD1eBE7D826197FD163C134E79502402Fd7cB7
gasUsed              43735
logs                 []
logsBloom            0x00000000000000000000000000000000000000000000000000000000000000000000000000000000000000000000000000000000000000000000000000000000000000000000000000000000000000000000000000000000000000000000000000000000000000000000000000000000000000000000000000000000000000000000000000000000000000000000000000000000000000000000000000000000000000000000000000000000000000000000000000000000000000000000000000000000000000000000000000000000000000000000000000000000000000000000000000000000000000000000000000000000000000000000000000000000
root                 
status               0 (failed)
transactionHash      0x71ce6899aaa2410f4fa4b2ebcff130e285cf7b060d69e9ac734c625d0c3d71e7
transactionIndex     12
type                 2
blobGasPrice         
blobGasUsed          14039
to                   0x630D8C79407CB90e0AFE68E3841eadd3F94Fc81F
daFootprintGasScalar 139
l1BaseFeeScalar      1101
l1BlobBaseFee        225537558
l1BlobBaseFeeScalar  659851
l1Fee                30170897304
l1GasPrice           4183485150
l1GasUsed            1620

[OK] GOLD authorized

Authorizing AgentRouter on SILVER pool (0x1f90De5A004b727c4e2397ECf15fc3C8F300b035)...

blockHash            0x0000000000000000000000000000000000000000000000000000000000000000
blockNumber          37565403
contractAddress      
cumulativeGasUsed    5319121
effectiveGasPrice    3000000
from                 0x27dD1eBE7D826197FD163C134E79502402Fd7cB7
gasUsed              43711
logs                 []
logsBloom            0x00000000000000000000000000000000000000000000000000000000000000000000000000000000000000000000000000000000000000000000000000000000000000000000000000000000000000000000000000000000000000000000000000000000000000000000000000000000000000000000000000000000000000000000000000000000000000000000000000000000000000000000000000000000000000000000000000000000000000000000000000000000000000000000000000000000000000000000000000000000000000000000000000000000000000000000000000000000000000000000000000000000000000000000000000000000
root                 
status               0 (failed)
transactionHash      0xe937b924fd06f35c80ccf4886808ecf2d6c13dafc7a080375d979a50a420f1a3
transactionIndex     10
type                 2
blobGasPrice         
blobGasUsed          14039
to                   0x630D8C79407CB90e0AFE68E3841eadd3F94Fc81F
daFootprintGasScalar 139
l1BaseFeeScalar      1101
l1BlobBaseFee        225537558
l1BlobBaseFeeScalar  659851
l1Fee                22251745758
l1GasPrice           4183485150
l1GasUsed            1620

[OK] SILVER authorized

Authorizing AgentRouter on GOOGLE pool (0x876805DC517c4822fE7646c325451eA14263F125)...

blockHash            0x0000000000000000000000000000000000000000000000000000000000000000
blockNumber          37565405
contractAddress      
cumulativeGasUsed    287473
effectiveGasPrice    3000000
from                 0x27dD1eBE7D826197FD163C134E79502402Fd7cB7
gasUsed              43735
logs                 []
logsBloom            0x00000000000000000000000000000000000000000000000000000000000000000000000000000000000000000000000000000000000000000000000000000000000000000000000000000000000000000000000000000000000000000000000000000000000000000000000000000000000000000000000000000000000000000000000000000000000000000000000000000000000000000000000000000000000000000000000000000000000000000000000000000000000000000000000000000000000000000000000000000000000000000000000000000000000000000000000000000000000000000000000000000000000000000000000000000000
root                 
status               0 (failed)
transactionHash      0x568562f93cf97ea92fe6ded72ac81aee615f88d5a3588d5f996ebb393cf073e2
transactionIndex     2
type                 2
blobGasPrice         
blobGasUsed          14039
to                   0x630D8C79407CB90e0AFE68E3841eadd3F94Fc81F
daFootprintGasScalar 139
l1BaseFeeScalar      1101
l1BlobBaseFee        225537558
l1BlobBaseFeeScalar  659851
l1Fee                50273569458
l1GasPrice           4183485150
l1GasUsed            1620

[OK] GOOGLE authorized

Authorizing AgentRouter on NVIDIA pool (0x0026812e5DFaA969f1827748003A3b5A3CcBA084)...

blockHash            0x0000000000000000000000000000000000000000000000000000000000000000
blockNumber          37565406
contractAddress      
cumulativeGasUsed    10383945
effectiveGasPrice    3000000
from                 0x27dD1eBE7D826197FD163C134E79502402Fd7cB7
gasUsed              43711
logs                 []
logsBloom            0x00000000000000000000000000000000000000000000000000000000000000000000000000000000000000000000000000000000000000000000000000000000000000000000000000000000000000000000000000000000000000000000000000000000000000000000000000000000000000000000000000000000000000000000000000000000000000000000000000000000000000000000000000000000000000000000000000000000000000000000000000000000000000000000000000000000000000000000000000000000000000000000000000000000000000000000000000000000000000000000000000000000000000000000000000000000
root                 
status               0 (failed)
transactionHash      0x8106027dfb8410fb18fc33a4dfab3b060814587be9f7dfb3761321cb54c12c04
transactionIndex     24
type                 2
blobGasPrice         
blobGasUsed          13900
to                   0x630D8C79407CB90e0AFE68E3841eadd3F94Fc81F
daFootprintGasScalar 139
l1BaseFeeScalar      1101
l1BlobBaseFee        228936167
l1BlobBaseFeeScalar  659851
l1Fee                23389743663
l1GasPrice           4702184259
l1GasUsed            1600

[OK] NVIDIA authorized

Authorizing AgentRouter on MNT pool (0xFA783bdcC0128cbc7c99847e7afA40B20A3c16F9)...

blockHash            0x0000000000000000000000000000000000000000000000000000000000000000
blockNumber          37565408
contractAddress      
cumulativeGasUsed    6839094
effectiveGasPrice    3000000
from                 0x27dD1eBE7D826197FD163C134E79502402Fd7cB7
gasUsed              43735
logs                 []
logsBloom            0x00000000000000000000000000000000000000000000000000000000000000000000000000000000000000000000000000000000000000000000000000000000000000000000000000000000000000000000000000000000000000000000000000000000000000000000000000000000000000000000000000000000000000000000000000000000000000000000000000000000000000000000000000000000000000000000000000000000000000000000000000000000000000000000000000000000000000000000000000000000000000000000000000000000000000000000000000000000000000000000000000000000000000000000000000000000
root                 
status               0 (failed)
transactionHash      0x703b46617665235412e15299f264685f445ba74afa7786a962912d9c323e9087
transactionIndex     21
type                 2
blobGasPrice         
blobGasUsed          14039
to                   0x630D8C79407CB90e0AFE68E3841eadd3F94Fc81F
daFootprintGasScalar 139
l1BaseFeeScalar      1101
l1BlobBaseFee        228936167
l1BlobBaseFeeScalar  659851
l1Fee                35235689849
l1GasPrice           4702184259
l1GasUsed            1620

[OK] MNT authorized

Authorizing AgentRouter on APPLE pool (0x82228b2Df03EA8a446F384D6c62e87e5E7bF4cd7)...

blockHash            0x0000000000000000000000000000000000000000000000000000000000000000
blockNumber          37565410
contractAddress      
cumulativeGasUsed    20573773
effectiveGasPrice    3000000
from                 0x27dD1eBE7D826197FD163C134E79502402Fd7cB7
gasUsed              43735
logs                 []
logsBloom            0x00000000000000000000000000000000000000000000000000000000000000000000000000000000000000000000000000000000000000000000000000000000000000000000000000000000000000000000000000000000000000000000000000000000000000000000000000000000000000000000000000000000000000000000000000000000000000000000000000000000000000000000000000000000000000000000000000000000000000000000000000000000000000000000000000000000000000000000000000000000000000000000000000000000000000000000000000000000000000000000000000000000000000000000000000000000
root                 
status               0 (failed)
transactionHash      0x5f9f44dbe8fa26c446353b241e6310bc7377af592494934d2cca81b991b08c43
transactionIndex     18
type                 2
blobGasPrice         
blobGasUsed          14039
to                   0x630D8C79407CB90e0AFE68E3841eadd3F94Fc81F
daFootprintGasScalar 139
l1BaseFeeScalar      1101
l1BlobBaseFee        228936167
l1BlobBaseFeeScalar  659851
l1Fee                52062037544
l1GasPrice           4702184259
l1GasUsed            1620

[OK] APPLE authorized

[SUCCESS] All pools authorized!
